Using pre-set license
Built from '2020.2/staging' branch; Version is '2020.2.7f1 (c53830e277f1) revision 12924976'; Using compiler version '192528614'; Build Type 'Release'
OS: 'Windows 10 Home Single Language; OS build 19042.867; Version 2009; 64bit' Language: 'ru' Physical Memory: 16233 MB
BatchMode: 1, IsHumanControllingUs: 0, StartBugReporterOnCrash: 0, Is64bit: 1, IsPro: 0

 COMMAND LINE ARGUMENTS:
C:\Program Files\Unity\Hub\Editor\2020.2.7f1\Editor\Unity.exe
-adb2
-batchMode
-noUpm
-name
AssetImportWorker1
-projectPath
E:/Projects/Unity/Siberian_Game_Jam/Siberian_Game_Jam
-logFile
Logs/AssetImportWorker1.log
-srvPort
52107
Successfully changed project path to: E:/Projects/Unity/Siberian_Game_Jam/Siberian_Game_Jam
E:/Projects/Unity/Siberian_Game_Jam/Siberian_Game_Jam
Using Asset Import Pipeline V2.
Refreshing native plugins compatible for Editor in 209.40 ms, found 1 plugins.
Preloading 0 native plugins for Editor in 0.00 ms.
Initialize engine version: 2020.2.7f1 (c53830e277f1)
[Subsystems] Discovering subsystems at path C:/Program Files/Unity/Hub/Editor/2020.2.7f1/Editor/Data/Resources/UnitySubsystems
[Subsystems] Discovering subsystems at path E:/Projects/Unity/Siberian_Game_Jam/Siberian_Game_Jam/Assets
GfxDevice: creating device client; threaded=0
Direct3D:
    Version:  Direct3D 11.0 [level 11.1]
    Renderer: NVIDIA GeForce GTX 1660 Ti with Max-Q Design (ID=0x2191)
    Vendor:   
    VRAM:     5991 MB
    Driver:   27.21.14.5766
Initialize mono
Mono path[0] = 'C:/Program Files/Unity/Hub/Editor/2020.2.7f1/Editor/Data/Managed'
Mono path[1] = 'C:/Program Files/Unity/Hub/Editor/2020.2.7f1/Editor/Data/MonoBleedingEdge/lib/mono/unityjit'
Mono config path = 'C:/Program Files/Unity/Hub/Editor/2020.2.7f1/Editor/Data/MonoBleedingEdge/etc'
Using monoOptions --debugger-agent=transport=dt_socket,embedding=1,server=y,suspend=n,address=127.0.0.1:56340
Begin MonoManager ReloadAssembly
Registering precompiled unity dll's ...
Register platform support module: C:/Program Files/Unity/Hub/Editor/2020.2.7f1/Editor/Data/PlaybackEngines/WebGLSupport/UnityEditor.WebGL.Extensions.dll
Register platform support module: C:/Program Files/Unity/Hub/Editor/2020.2.7f1/Editor/Data/PlaybackEngines/MacStandaloneSupport/UnityEditor.OSXStandalone.Extensions.dll
Register platform support module: C:/Program Files/Unity/Hub/Editor/2020.2.7f1/Editor/Data/PlaybackEngines/WindowsStandaloneSupport/UnityEditor.WindowsStandalone.Extensions.dll
Registered in 0.014790 seconds.
Native extension for WindowsStandalone target not found
Native extension for OSXStandalone target not found
Native extension for WebGL target not found
Refreshing native plugins compatible for Editor in 172.91 ms, found 1 plugins.
Preloading 0 native plugins for Editor in 0.00 ms.
Invoked RoslynAnalysisRunner static constructor.
RoslynAnalysisRunner will not be running.
RoslynAnalysisRunner has terminated.
Mono: successfully reloaded assembly
- Completed reload, in 10.870 seconds
Platform modules already initialized, skipping
Registering precompiled user dll's ...
Registered in 0.004314 seconds.
Begin MonoManager ReloadAssembly
Native extension for WindowsStandalone target not found
Native extension for OSXStandalone target not found
Native extension for WebGL target not found
Refreshing native plugins compatible for Editor in 180.21 ms, found 1 plugins.
Preloading 0 native plugins for Editor in 0.00 ms.
Invoked RoslynAnalysisRunner static constructor.
RoslynAnalysisRunner will not be running.
RoslynAnalysisRunner has terminated.
Mono: successfully reloaded assembly
- Completed reload, in  4.529 seconds
Platform modules already initialized, skipping
========================================================================
Worker process is ready to serve import requests
Launched and connected shader compiler UnityShaderCompiler.exe after 0.26 seconds
Refreshing native plugins compatible for Editor in 1.98 ms, found 1 plugins.
Preloading 0 native plugins for Editor in 0.00 ms.
Unloading 1969 Unused Serialized files (Serialized files now loaded: 0)
System memory in use before: 90.9 MB.
System memory in use after: 90.9 MB.

Unloading 25 unused Assets to reduce memory usage. Loaded Objects now: 2413.
Total: 7.207800 ms (FindLiveObjects: 0.660300 ms CreateObjectMapping: 0.410700 ms MarkObjects: 5.687900 ms  DeleteObjects: 0.443800 ms)

========================================================================
Received Import Request.
  path: Assets/Prefab/Bullet 1.prefab
  artifactKey: Guid(0b700850c1e9a6648b1e3137b25ec303) Importer(815301076,1909f56bfc062723c751e8b465ee728b)
Start importing Assets/Prefab/Bullet 1.prefab using Guid(0b700850c1e9a6648b1e3137b25ec303) Importer(815301076,1909f56bfc062723c751e8b465ee728b)  -> (artifact id: '1a8e3de8de53001a7ba71ea6db878516') in 0.616107 seconds
  Import took 0.636458 seconds .

========================================================================
Received Import Request.
  Time since last request: 0.000899 seconds.
  path: Assets/Prefab/Soul.prefab
  artifactKey: Guid(6e9929f5dd0f58549beecda159c1d331) Importer(815301076,1909f56bfc062723c751e8b465ee728b)
Start importing Assets/Prefab/Soul.prefab using Guid(6e9929f5dd0f58549beecda159c1d331) Importer(815301076,1909f56bfc062723c751e8b465ee728b)  -> (artifact id: '311594b5a0d2ce168bd8051ae30c955c') in 0.047050 seconds
  Import took 0.064087 seconds .

========================================================================
Received Import Request.
  Time since last request: 0.000966 seconds.
  path: Assets/Prefab/AStarNavMesh.prefab
  artifactKey: Guid(33597b58121677349833cccdd7647a68) Importer(815301076,1909f56bfc062723c751e8b465ee728b)
Start importing Assets/Prefab/AStarNavMesh.prefab using Guid(33597b58121677349833cccdd7647a68) Importer(815301076,1909f56bfc062723c751e8b465ee728b)  -> (artifact id: 'fd92055f90b872f1bee684a1e549b4e7') in 0.091515 seconds
  Import took 0.111650 seconds .

========================================================================
Received Import Request.
  Time since last request: 0.000955 seconds.
  path: Assets/Scenes/GameMode.unity
  artifactKey: Guid(baf108ef366d7de48823c4977f627d55) Importer(815301076,1909f56bfc062723c751e8b465ee728b)
Start importing Assets/Scenes/GameMode.unity using Guid(baf108ef366d7de48823c4977f627d55) Importer(815301076,1909f56bfc062723c751e8b465ee728b)  -> (artifact id: '07465ac8ac401f298ad2f8ed8d005afd') in 0.009560 seconds
  Import took 0.029842 seconds .

========================================================================
Received Import Request.
  Time since last request: 0.001058 seconds.
  path: Assets/Prefab/Weapon.prefab
  artifactKey: Guid(3275cef256a5a4843a680f0618dca7fe) Importer(815301076,1909f56bfc062723c751e8b465ee728b)
Start importing Assets/Prefab/Weapon.prefab using Guid(3275cef256a5a4843a680f0618dca7fe) Importer(815301076,1909f56bfc062723c751e8b465ee728b)  -> (artifact id: '9089f80ab73f37adbc044131f619ec4f') in 0.139959 seconds
  Import took 0.156782 seconds .

========================================================================
Received Import Request.
  Time since last request: 0.000855 seconds.
  path: Assets/Scenes/StartMenu.unity
  artifactKey: Guid(2cda990e2423bbf4892e6590ba056729) Importer(815301076,1909f56bfc062723c751e8b465ee728b)
Start importing Assets/Scenes/StartMenu.unity using Guid(2cda990e2423bbf4892e6590ba056729) Importer(815301076,1909f56bfc062723c751e8b465ee728b)  -> (artifact id: '8a1f7b46216546037807b970cb65a356') in 0.010019 seconds
  Import took 0.027340 seconds .

========================================================================
Received Import Request.
  Time since last request: 0.000989 seconds.
  path: Assets/Prefab/SpawnPoint.prefab
  artifactKey: Guid(c3d6ca357ccfacc4fac73f9cf74bef54) Importer(815301076,1909f56bfc062723c751e8b465ee728b)
Start importing Assets/Prefab/SpawnPoint.prefab using Guid(c3d6ca357ccfacc4fac73f9cf74bef54) Importer(815301076,1909f56bfc062723c751e8b465ee728b)  -> (artifact id: '97562d7ea18905d955dc6b18e3c31714') in 0.019523 seconds
  Import took 0.042102 seconds .

========================================================================
Received Import Request.
  Time since last request: 0.001523 seconds.
  path: Assets/Prefab/Player.prefab
  artifactKey: Guid(4ed749b4d82599a4291c3314a3b1a384) Importer(815301076,1909f56bfc062723c751e8b465ee728b)
Start importing Assets/Prefab/Player.prefab using Guid(4ed749b4d82599a4291c3314a3b1a384) Importer(815301076,1909f56bfc062723c751e8b465ee728b)  -> (artifact id: '75c7263904edfb24738493233e73480e') in 0.048076 seconds
  Import took 0.072019 seconds .

========================================================================
Received Import Request.
  Time since last request: 0.002069 seconds.
  path: Assets/Prefab/Bullet.prefab
  artifactKey: Guid(75b59535ca4792846b0622b2c8b4f723) Importer(815301076,1909f56bfc062723c751e8b465ee728b)
Start importing Assets/Prefab/Bullet.prefab using Guid(75b59535ca4792846b0622b2c8b4f723) Importer(815301076,1909f56bfc062723c751e8b465ee728b)  -> (artifact id: 'b281a472aeea263741df084ee36fb0be') in 0.036341 seconds
  Import took 0.057256 seconds .

========================================================================
Received Import Request.
  Time since last request: 0.001714 seconds.
  path: Assets/Prefab/Gun.prefab
  artifactKey: Guid(eb3e998e25adec04fb7c830ea8559853) Importer(815301076,1909f56bfc062723c751e8b465ee728b)
Start importing Assets/Prefab/Gun.prefab using Guid(eb3e998e25adec04fb7c830ea8559853) Importer(815301076,1909f56bfc062723c751e8b465ee728b)  -> (artifact id: '18127f6d2790209478422aff46d41e2f') in 0.036513 seconds
  Import took 0.053198 seconds .

AssetImportWorkerClient::OnTransportError - code=2 error=End of file
