Using pre-set license
Built from '2020.2/staging' branch; Version is '2020.2.7f1 (c53830e277f1) revision 12924976'; Using compiler version '192528614'; Build Type 'Release'
OS: 'Windows 10 Home Single Language; OS build 19042.867; Version 2009; 64bit' Language: 'ru' Physical Memory: 16233 MB
BatchMode: 1, IsHumanControllingUs: 0, StartBugReporterOnCrash: 0, Is64bit: 1, IsPro: 0

 COMMAND LINE ARGUMENTS:
C:\Program Files\Unity\Hub\Editor\2020.2.7f1\Editor\Unity.exe
-adb2
-batchMode
-noUpm
-name
AssetImportWorker0
-projectPath
E:/Projects/Unity/Siberian_Game_Jam/Siberian_Game_Jam
-logFile
Logs/AssetImportWorker0.log
-srvPort
52581
Successfully changed project path to: E:/Projects/Unity/Siberian_Game_Jam/Siberian_Game_Jam
E:/Projects/Unity/Siberian_Game_Jam/Siberian_Game_Jam
Using Asset Import Pipeline V2.
Refreshing native plugins compatible for Editor in 168.77 ms, found 1 plugins.
Preloading 0 native plugins for Editor in 0.00 ms.
Initialize engine version: 2020.2.7f1 (c53830e277f1)
[Subsystems] Discovering subsystems at path C:/Program Files/Unity/Hub/Editor/2020.2.7f1/Editor/Data/Resources/UnitySubsystems
[Subsystems] Discovering subsystems at path E:/Projects/Unity/Siberian_Game_Jam/Siberian_Game_Jam/Assets
GfxDevice: creating device client; threaded=0
Direct3D:
    Version:  Direct3D 11.0 [level 11.1]
    Renderer: NVIDIA GeForce GTX 1660 Ti with Max-Q Design (ID=0x2191)
    Vendor:   
    VRAM:     5991 MB
    Driver:   27.21.14.5766
Initialize mono
Mono path[0] = 'C:/Program Files/Unity/Hub/Editor/2020.2.7f1/Editor/Data/Managed'
Mono path[1] = 'C:/Program Files/Unity/Hub/Editor/2020.2.7f1/Editor/Data/MonoBleedingEdge/lib/mono/unityjit'
Mono config path = 'C:/Program Files/Unity/Hub/Editor/2020.2.7f1/Editor/Data/MonoBleedingEdge/etc'
Using monoOptions --debugger-agent=transport=dt_socket,embedding=1,server=y,suspend=n,address=127.0.0.1:56092
Begin MonoManager ReloadAssembly
Registering precompiled unity dll's ...
Register platform support module: C:/Program Files/Unity/Hub/Editor/2020.2.7f1/Editor/Data/PlaybackEngines/WebGLSupport/UnityEditor.WebGL.Extensions.dll
Register platform support module: C:/Program Files/Unity/Hub/Editor/2020.2.7f1/Editor/Data/PlaybackEngines/MacStandaloneSupport/UnityEditor.OSXStandalone.Extensions.dll
Register platform support module: C:/Program Files/Unity/Hub/Editor/2020.2.7f1/Editor/Data/PlaybackEngines/WindowsStandaloneSupport/UnityEditor.WindowsStandalone.Extensions.dll
Registered in 0.013256 seconds.
Native extension for WindowsStandalone target not found
Native extension for OSXStandalone target not found
Native extension for WebGL target not found
Refreshing native plugins compatible for Editor in 187.21 ms, found 1 plugins.
Preloading 0 native plugins for Editor in 0.00 ms.
Invoked RoslynAnalysisRunner static constructor.
RoslynAnalysisRunner will not be running.
RoslynAnalysisRunner has terminated.
Mono: successfully reloaded assembly
- Completed reload, in 10.444 seconds
Platform modules already initialized, skipping
Registering precompiled user dll's ...
Registered in 0.004113 seconds.
Begin MonoManager ReloadAssembly
Native extension for WindowsStandalone target not found
Native extension for OSXStandalone target not found
Native extension for WebGL target not found
Refreshing native plugins compatible for Editor in 165.26 ms, found 1 plugins.
Preloading 0 native plugins for Editor in 0.00 ms.
Invoked RoslynAnalysisRunner static constructor.
RoslynAnalysisRunner will not be running.
RoslynAnalysisRunner has terminated.
Mono: successfully reloaded assembly
- Completed reload, in  4.046 seconds
Platform modules already initialized, skipping
========================================================================
Worker process is ready to serve import requests
Launched and connected shader compiler UnityShaderCompiler.exe after 0.20 seconds
Refreshing native plugins compatible for Editor in 1.05 ms, found 1 plugins.
Preloading 0 native plugins for Editor in 0.00 ms.
Unloading 1961 Unused Serialized files (Serialized files now loaded: 0)
System memory in use before: 90.7 MB.
System memory in use after: 90.7 MB.

Unloading 25 unused Assets to reduce memory usage. Loaded Objects now: 2405.
Total: 6.874800 ms (FindLiveObjects: 0.517800 ms CreateObjectMapping: 0.283400 ms MarkObjects: 5.653400 ms  DeleteObjects: 0.416500 ms)

========================================================================
Received Import Request.
  path: Assets/Audio/MusicStartMenu.mp3
  artifactKey: Guid(92f09d9bf4ac7c343a46040416aed3ee) Importer(815301076,1909f56bfc062723c751e8b465ee728b)
Start importing Assets/Audio/MusicStartMenu.mp3 using Guid(92f09d9bf4ac7c343a46040416aed3ee) Importer(815301076,1909f56bfc062723c751e8b465ee728b)  -> (artifact id: '8c863850f6601770e14f271f6e4ff21d') in 0.397391 seconds
  Import took 0.409542 seconds .

========================================================================
Received Import Request.
  Time since last request: 0.000873 seconds.
  path: Assets/Image/posthumous.png
  artifactKey: Guid(697bcece9b6d8e94a93195da9357339f) Importer(815301076,1909f56bfc062723c751e8b465ee728b)
Start importing Assets/Image/posthumous.png using Guid(697bcece9b6d8e94a93195da9357339f) Importer(815301076,1909f56bfc062723c751e8b465ee728b)  -> (artifact id: '2f470e190a53f558d96ed988ee6d2c10') in 0.140483 seconds
  Import took 0.151325 seconds .

========================================================================
Received Import Request.
  Time since last request: 0.000877 seconds.
  path: Assets/Fonts/Metamorphous-7wZ4.ttf
  artifactKey: Guid(6e6668350dc5813439f0a7d9b0ede1e1) Importer(815301076,1909f56bfc062723c751e8b465ee728b)
Start importing Assets/Fonts/Metamorphous-7wZ4.ttf using Guid(6e6668350dc5813439f0a7d9b0ede1e1) Importer(815301076,1909f56bfc062723c751e8b465ee728b)  -> (artifact id: 'ca60ec8803329725c79bf79fe069a6c4') in 0.147039 seconds
  Import took 0.158069 seconds .

========================================================================
Received Import Request.
  Time since last request: 0.000944 seconds.
  path: Assets/Fonts/PentagramsSalemica-B978.ttf
  artifactKey: Guid(042657a5f30c3334299545e136534f43) Importer(815301076,1909f56bfc062723c751e8b465ee728b)
Start importing Assets/Fonts/PentagramsSalemica-B978.ttf using Guid(042657a5f30c3334299545e136534f43) Importer(815301076,1909f56bfc062723c751e8b465ee728b)  -> (artifact id: '854646f5818edf9cd984afc80602c03b') in 0.028303 seconds
  Import took 0.039637 seconds .

========================================================================
Received Import Request.
  Time since last request: 0.000827 seconds.
  path: Assets/Audio/NewAudioMixer.mixer
  artifactKey: Guid(597e99640f3dd0f45a01f3d913a37a22) Importer(815301076,1909f56bfc062723c751e8b465ee728b)
Start importing Assets/Audio/NewAudioMixer.mixer using Guid(597e99640f3dd0f45a01f3d913a37a22) Importer(815301076,1909f56bfc062723c751e8b465ee728b)  -> (artifact id: 'aba3fee0183c9980989cd788336df583') in 0.016099 seconds
  Import took 0.027043 seconds .

========================================================================
Received Import Request.
  Time since last request: 9.734253 seconds.
  path: Assets/Prefab/AStarNavMesh.prefab
  artifactKey: Guid(33597b58121677349833cccdd7647a68) Importer(815301076,1909f56bfc062723c751e8b465ee728b)
Start importing Assets/Prefab/AStarNavMesh.prefab using Guid(33597b58121677349833cccdd7647a68) Importer(815301076,1909f56bfc062723c751e8b465ee728b)  -> (artifact id: 'e4e76ce278d4521dc78171bbd350f8c7') in 0.074386 seconds
  Import took 0.085294 seconds .

========================================================================
Received Import Request.
  Time since last request: 0.001001 seconds.
  path: Assets/Prefab/SpawnPoint.prefab
  artifactKey: Guid(c3d6ca357ccfacc4fac73f9cf74bef54) Importer(815301076,1909f56bfc062723c751e8b465ee728b)
Start importing Assets/Prefab/SpawnPoint.prefab using Guid(c3d6ca357ccfacc4fac73f9cf74bef54) Importer(815301076,1909f56bfc062723c751e8b465ee728b)  -> (artifact id: '21ff1f581e680a468f98c326ea25f157') in 0.009167 seconds
  Import took 0.020393 seconds .

========================================================================
Received Import Request.
  Time since last request: 5.736639 seconds.
  path: Assets/Prefab/Melee Enemy.prefab
  artifactKey: Guid(ea2591464bd8a854f88a5c7b1e36c864) Importer(815301076,1909f56bfc062723c751e8b465ee728b)
Start importing Assets/Prefab/Melee Enemy.prefab using Guid(ea2591464bd8a854f88a5c7b1e36c864) Importer(815301076,1909f56bfc062723c751e8b465ee728b)  -> (artifact id: 'ec7029971247956b2f18b1b08efba039') in 0.005788 seconds
  Import took 0.017815 seconds .

========================================================================
Received Import Request.
  Time since last request: 0.042134 seconds.
  path: Assets/Prefab/Melee Enemy.prefab
  artifactKey: Guid(ea2591464bd8a854f88a5c7b1e36c864) Importer(815301076,1909f56bfc062723c751e8b465ee728b)
Start importing Assets/Prefab/Melee Enemy.prefab using Guid(ea2591464bd8a854f88a5c7b1e36c864) Importer(815301076,1909f56bfc062723c751e8b465ee728b)  -> (artifact id: 'ec7029971247956b2f18b1b08efba039') in 0.005121 seconds
  Import took 0.016031 seconds .

========================================================================
Received Import Request.
  Time since last request: 19.639933 seconds.
  path: Assets/Scenes/GameMode.unity
  artifactKey: Guid(baf108ef366d7de48823c4977f627d55) Importer(815301076,1909f56bfc062723c751e8b465ee728b)
Start importing Assets/Scenes/GameMode.unity using Guid(baf108ef366d7de48823c4977f627d55) Importer(815301076,1909f56bfc062723c751e8b465ee728b)  -> (artifact id: '39646c026a40bde53936206314cfa327') in 0.005339 seconds
  Import took 0.016749 seconds .

AssetImportWorkerClient::OnTransportError - code=2 error=End of file
